[ 2016-07-17T10:56:40+08:00 ] 127.0.0.1 /
INFO: [ app_init ] --START--
INFO: Run Behavior\BuildLiteBehavior [ RunTime:0.000021s ]
INFO: [ app_init ] --END-- [ RunTime:0.035539s ]
INFO: [ app_begin ] --START--
INFO: Run Behavior\ReadHtmlCacheBehavior [ RunTime:0.017461s ]
INFO: [ app_begin ] --END-- [ RunTime:0.017573s ]
INFO: [ view_parse ] --START--
INFO: Run Behavior\ParseTemplateBehavior [ RunTime:0.004240s ]
INFO: [ view_parse ] --END-- [ RunTime:0.004348s ]
INFO: [ view_filter ] --START--
INFO: Run Behavior\WriteHtmlCacheBehavior [ RunTime:0.077829s ]
INFO: [ view_filter ] --END-- [ RunTime:0.077908s ]
NOTIC: [2] Cannot modify header information - headers already sent by (output started at C:\xampp\htdocs\thinkphp\Application\Home\Controller\IndexController.class.php:10) C:\xampp\htdocs\thinkphp\ThinkPHP\Library\Think\View.class.php 第 103 行.
NOTIC: [2] Cannot modify header information - headers already sent by (output started at C:\xampp\htdocs\thinkphp\Application\Home\Controller\IndexController.class.php:10) C:\xampp\htdocs\thinkphp\ThinkPHP\Library\Think\View.class.php 第 104 行.
NOTIC: [2] Cannot modify header information - headers already sent by (output started at C:\xampp\htdocs\thinkphp\Application\Home\Controller\IndexController.class.php:10) C:\xampp\htdocs\thinkphp\ThinkPHP\Library\Think\View.class.php 第 105 行.
INFO: [ app_end ] --START--
INFO: Run Behavior\ShowPageTraceBehavior [ RunTime:0.054750s ]
INFO: [ app_end ] --END-- [ RunTime:0.054848s ]

[ 2016-07-17T11:00:59+08:00 ] 127.0.0.1 /
INFO: [ app_init ] --START--
INFO: Run Behavior\BuildLiteBehavior [ RunTime:0.000017s ]
INFO: [ app_init ] --END-- [ RunTime:0.000842s ]
INFO: [ app_begin ] --START--
INFO: Run Behavior\ReadHtmlCacheBehavior [ RunTime:0.001201s ]
INFO: [ app_begin ] --END-- [ RunTime:0.001309s ]
INFO: [ view_parse ] --START--
INFO: Run Behavior\ParseTemplateBehavior [ RunTime:0.001932s ]
INFO: [ view_parse ] --END-- [ RunTime:0.002113s ]
INFO: [ view_filter ] --START--
INFO: Run Behavior\WriteHtmlCacheBehavior [ RunTime:0.001329s ]
INFO: [ view_filter ] --END-- [ RunTime:0.001396s ]
NOTIC: [2] Cannot modify header information - headers already sent by (output started at C:\xampp\htdocs\thinkphp\Application\Home\Controller\IndexController.class.php:10) C:\xampp\htdocs\thinkphp\ThinkPHP\Library\Think\View.class.php 第 103 行.
NOTIC: [2] Cannot modify header information - headers already sent by (output started at C:\xampp\htdocs\thinkphp\Application\Home\Controller\IndexController.class.php:10) C:\xampp\htdocs\thinkphp\ThinkPHP\Library\Think\View.class.php 第 104 行.
NOTIC: [2] Cannot modify header information - headers already sent by (output started at C:\xampp\htdocs\thinkphp\Application\Home\Controller\IndexController.class.php:10) C:\xampp\htdocs\thinkphp\ThinkPHP\Library\Think\View.class.php 第 105 行.
INFO: [ app_end ] --START--
INFO: Run Behavior\ShowPageTraceBehavior [ RunTime:0.002195s ]
INFO: [ app_end ] --END-- [ RunTime:0.002288s ]

